2019-06-24 14:33:25,314 [Worker-4: Loading available Gradle versions] INFO  o.e.b.c.i.u.g.PublishedGradleVersions - Gradle version information cache is out-of-date. Trying to update.
2019-06-24 14:39:07,611 [Worker-10: Import Getting Started Content] INFO  o.e.m.c.i.l.LifecycleMappingFactory - Using org.eclipse.m2e.jdt.JarLifecycleMapping lifecycle mapping for MavenProject: java-web:java-web-um-aula2:0.0.1-SNAPSHOT @ /home/zupper/Área de Trabalho/workspace/javaweb2/java-web-um-aula2/pom.xml.
2019-06-24 14:39:08,607 [Worker-10: Import Getting Started Content] INFO  o.e.m.j.i.AbstractJavaProjectConfigurator - Adding source folder /java-web-um-aula2/src/main/java
2019-06-24 14:39:08,607 [Worker-10: Import Getting Started Content] INFO  o.e.m.j.i.AbstractJavaProjectConfigurator - Adding resource folder /java-web-um-aula2/src/main/resources
2019-06-24 14:39:08,611 [Worker-10: Import Getting Started Content] INFO  o.e.m.j.i.AbstractJavaProjectConfigurator - Adding resource folder /java-web-um-aula2/src/main/resources
2019-06-24 14:39:08,619 [Worker-10: Import Getting Started Content] INFO  o.e.m.j.i.AbstractJavaProjectConfigurator - Adding source folder /java-web-um-aula2/src/test/java
2019-06-24 14:39:09,249 [Worker-10: Import Getting Started Content] INFO  o.e.m.c.i.p.ProjectConfigurationManager - Imported and configured 1 project(s) in 3 sec
2019-06-24 14:39:09,252 [Worker-10: Import Getting Started Content] INFO  o.e.m.c.i.p.ProjectConfigurationManager - Update started
2019-06-24 14:39:10,028 [Worker-10: Import Getting Started Content] INFO  o.e.m.c.i.l.LifecycleMappingFactory - Using org.eclipse.m2e.jdt.JarLifecycleMapping lifecycle mapping for MavenProject: java-web:java-web-um-aula2:0.0.1-SNAPSHOT @ /home/zupper/Área de Trabalho/workspace/javaweb2/java-web-um-aula2/pom.xml.
2019-06-24 14:39:10,575 [Worker-10: Import Getting Started Content] INFO  o.e.m.j.i.AbstractJavaProjectConfigurator - Adding source folder /java-web-um-aula2/src/main/java
2019-06-24 14:39:10,575 [Worker-10: Import Getting Started Content] INFO  o.e.m.j.i.AbstractJavaProjectConfigurator - Adding resource folder /java-web-um-aula2/src/main/resources
2019-06-24 14:39:10,576 [Worker-10: Import Getting Started Content] INFO  o.e.m.j.i.AbstractJavaProjectConfigurator - Adding resource folder /java-web-um-aula2/src/main/resources
2019-06-24 14:39:10,577 [Worker-10: Import Getting Started Content] INFO  o.e.m.j.i.AbstractJavaProjectConfigurator - Adding source folder /java-web-um-aula2/src/test/java
2019-06-24 14:39:10,822 [Worker-10: Import Getting Started Content] INFO  o.e.m.c.i.p.ProjectConfigurationManager - Update completed: 1 sec
2019-06-24 14:39:11,655 [Worker-10: Building workspace] INFO  o.e.m.c.i.embedder.EclipseLogger - Using 'UTF-8' encoding to copy filtered resources.
2019-06-24 14:39:11,660 [Worker-10: Building workspace] INFO  o.e.m.c.i.embedder.EclipseLogger - Copying 1 resource
2019-06-24 14:39:11,674 [Worker-10: Building workspace] INFO  o.e.m.c.i.embedder.EclipseLogger - Copying 0 resource
2019-06-24 14:39:11,677 [Worker-10: Building workspace] INFO  o.e.m.c.i.embedder.EclipseLogger - Using 'UTF-8' encoding to copy filtered resources.
2019-06-24 14:39:11,677 [Worker-10: Building workspace] INFO  o.e.m.c.i.embedder.EclipseLogger - skip non existing resourceDirectory /home/zupper/Área de Trabalho/workspace/javaweb2/java-web-um-aula2/src/test/resources
2019-06-24 14:41:10,240 [Worker-7: Building workspace] INFO  o.e.m.c.i.embedder.EclipseLogger - Using 'UTF-8' encoding to copy filtered resources.
2019-06-24 14:41:10,244 [Worker-7: Building workspace] INFO  o.e.m.c.i.embedder.EclipseLogger - Copying 1 resource
2019-06-24 14:41:10,245 [Worker-7: Building workspace] INFO  o.e.m.c.i.embedder.EclipseLogger - Copying 0 resource
2019-06-24 14:41:10,247 [Worker-7: Building workspace] INFO  o.e.m.c.i.embedder.EclipseLogger - Using 'UTF-8' encoding to copy filtered resources.
2019-06-24 14:41:10,247 [Worker-7: Building workspace] INFO  o.e.m.c.i.embedder.EclipseLogger - skip non existing resourceDirectory /home/zupper/Área de Trabalho/workspace/javaweb2/java-web-um-aula2/src/test/resources
2019-06-24 14:43:00,235 [Worker-16: Building workspace] INFO  o.e.m.c.i.embedder.EclipseLogger - Using 'UTF-8' encoding to copy filtered resources.
2019-06-24 14:43:00,238 [Worker-16: Building workspace] INFO  o.e.m.c.i.embedder.EclipseLogger - Copying 1 resource
2019-06-24 14:43:00,239 [Worker-16: Building workspace] INFO  o.e.m.c.i.embedder.EclipseLogger - Copying 0 resource
2019-06-24 14:43:00,247 [Worker-16: Building workspace] INFO  o.e.m.c.i.embedder.EclipseLogger - Using 'UTF-8' encoding to copy filtered resources.
2019-06-24 14:43:00,247 [Worker-16: Building workspace] INFO  o.e.m.c.i.embedder.EclipseLogger - skip non existing resourceDirectory /home/zupper/Área de Trabalho/workspace/javaweb2/java-web-um-aula2/src/test/resources
2019-06-24 14:43:27,845 [Worker-7: Building workspace] INFO  o.e.m.c.i.embedder.EclipseLogger - Using 'UTF-8' encoding to copy filtered resources.
2019-06-24 14:43:27,845 [Worker-7: Building workspace] INFO  o.e.m.c.i.embedder.EclipseLogger - Copying 1 resource
2019-06-24 14:43:27,846 [Worker-7: Building workspace] INFO  o.e.m.c.i.embedder.EclipseLogger - Copying 0 resource
2019-06-24 14:43:27,848 [Worker-7: Building workspace] INFO  o.e.m.c.i.embedder.EclipseLogger - Using 'UTF-8' encoding to copy filtered resources.
2019-06-24 14:43:27,848 [Worker-7: Building workspace] INFO  o.e.m.c.i.embedder.EclipseLogger - skip non existing resourceDirectory /home/zupper/Área de Trabalho/workspace/javaweb2/java-web-um-aula2/src/test/resources
2019-06-24 14:43:29,684 [Worker-11: Building workspace] INFO  o.e.m.c.i.embedder.EclipseLogger - Using 'UTF-8' encoding to copy filtered resources.
2019-06-24 14:43:29,685 [Worker-11: Building workspace] INFO  o.e.m.c.i.embedder.EclipseLogger - Copying 1 resource
2019-06-24 14:43:29,686 [Worker-11: Building workspace] INFO  o.e.m.c.i.embedder.EclipseLogger - Copying 0 resource
2019-06-24 14:43:29,689 [Worker-11: Building workspace] INFO  o.e.m.c.i.embedder.EclipseLogger - Using 'UTF-8' encoding to copy filtered resources.
2019-06-24 14:43:29,690 [Worker-11: Building workspace] INFO  o.e.m.c.i.embedder.EclipseLogger - skip non existing resourceDirectory /home/zupper/Área de Trabalho/workspace/javaweb2/java-web-um-aula2/src/test/resources
2019-06-24 14:52:19,844 [Worker-16: Building workspace] INFO  o.e.m.c.i.embedder.EclipseLogger - Using 'UTF-8' encoding to copy filtered resources.
2019-06-24 14:52:19,845 [Worker-16: Building workspace] INFO  o.e.m.c.i.embedder.EclipseLogger - Copying 1 resource
2019-06-24 14:52:19,845 [Worker-16: Building workspace] INFO  o.e.m.c.i.embedder.EclipseLogger - Copying 0 resource
2019-06-24 14:52:19,848 [Worker-16: Building workspace] INFO  o.e.m.c.i.embedder.EclipseLogger - Using 'UTF-8' encoding to copy filtered resources.
2019-06-24 14:52:19,848 [Worker-16: Building workspace] INFO  o.e.m.c.i.embedder.EclipseLogger - skip non existing resourceDirectory /home/zupper/Área de Trabalho/workspace/javaweb2/java-web-um-aula2/src/test/resources
2019-06-24 14:52:22,765 [Worker-6: Building workspace] INFO  o.e.m.c.i.embedder.EclipseLogger - Using 'UTF-8' encoding to copy filtered resources.
2019-06-24 14:52:22,766 [Worker-6: Building workspace] INFO  o.e.m.c.i.embedder.EclipseLogger - Copying 1 resource
2019-06-24 14:52:22,767 [Worker-6: Building workspace] INFO  o.e.m.c.i.embedder.EclipseLogger - Copying 0 resource
2019-06-24 14:52:22,769 [Worker-6: Building workspace] INFO  o.e.m.c.i.embedder.EclipseLogger - Using 'UTF-8' encoding to copy filtered resources.
2019-06-24 14:52:22,769 [Worker-6: Building workspace] INFO  o.e.m.c.i.embedder.EclipseLogger - skip non existing resourceDirectory /home/zupper/Área de Trabalho/workspace/javaweb2/java-web-um-aula2/src/test/resources
2019-06-24 14:55:15,907 [Worker-17: Building workspace] INFO  o.e.m.c.i.embedder.EclipseLogger - Using 'UTF-8' encoding to copy filtered resources.
2019-06-24 14:55:15,907 [Worker-17: Building workspace] INFO  o.e.m.c.i.embedder.EclipseLogger - Copying 1 resource
2019-06-24 14:55:15,908 [Worker-17: Building workspace] INFO  o.e.m.c.i.embedder.EclipseLogger - Copying 0 resource
2019-06-24 14:55:15,913 [Worker-17: Building workspace] INFO  o.e.m.c.i.embedder.EclipseLogger - Using 'UTF-8' encoding to copy filtered resources.
2019-06-24 14:55:15,913 [Worker-17: Building workspace] INFO  o.e.m.c.i.embedder.EclipseLogger - skip non existing resourceDirectory /home/zupper/Área de Trabalho/workspace/javaweb2/java-web-um-aula2/src/test/resources
2019-06-24 14:59:03,558 [Worker-18: Launching java-web-um-aula2 - JavaWebUmAula2Application] INFO  o.e.m.c.i.embedder.EclipseLogger - Using 'UTF-8' encoding to copy filtered resources.
2019-06-24 14:59:03,559 [Worker-18: Launching java-web-um-aula2 - JavaWebUmAula2Application] INFO  o.e.m.c.i.embedder.EclipseLogger - Copying 1 resource
2019-06-24 14:59:03,560 [Worker-18: Launching java-web-um-aula2 - JavaWebUmAula2Application] INFO  o.e.m.c.i.embedder.EclipseLogger - Copying 0 resource
2019-06-24 14:59:03,564 [Worker-18: Launching java-web-um-aula2 - JavaWebUmAula2Application] INFO  o.e.m.c.i.embedder.EclipseLogger - Using 'UTF-8' encoding to copy filtered resources.
2019-06-24 14:59:03,564 [Worker-18: Launching java-web-um-aula2 - JavaWebUmAula2Application] INFO  o.e.m.c.i.embedder.EclipseLogger - skip non existing resourceDirectory /home/zupper/Área de Trabalho/workspace/javaweb2/java-web-um-aula2/src/test/resources
2019-06-24 15:00:29,264 [Worker-17: Launching java-web-um-aula2 - JavaWebUmAula2Application] INFO  o.e.m.c.i.embedder.EclipseLogger - Using 'UTF-8' encoding to copy filtered resources.
2019-06-24 15:00:29,264 [Worker-17: Launching java-web-um-aula2 - JavaWebUmAula2Application] INFO  o.e.m.c.i.embedder.EclipseLogger - Copying 1 resource
2019-06-24 15:00:29,265 [Worker-17: Launching java-web-um-aula2 - JavaWebUmAula2Application] INFO  o.e.m.c.i.embedder.EclipseLogger - Copying 0 resource
2019-06-24 15:00:29,267 [Worker-17: Launching java-web-um-aula2 - JavaWebUmAula2Application] INFO  o.e.m.c.i.embedder.EclipseLogger - Using 'UTF-8' encoding to copy filtered resources.
2019-06-24 15:00:29,267 [Worker-17: Launching java-web-um-aula2 - JavaWebUmAula2Application] INFO  o.e.m.c.i.embedder.EclipseLogger - skip non existing resourceDirectory /home/zupper/Área de Trabalho/workspace/javaweb2/java-web-um-aula2/src/test/resources
2019-06-24 15:19:11,951 [Worker-16: Building workspace] INFO  o.e.m.c.i.embedder.EclipseLogger - Using 'UTF-8' encoding to copy filtered resources.
2019-06-24 15:19:11,952 [Worker-16: Building workspace] INFO  o.e.m.c.i.embedder.EclipseLogger - Copying 1 resource
2019-06-24 15:19:11,952 [Worker-16: Building workspace] INFO  o.e.m.c.i.embedder.EclipseLogger - Copying 0 resource
2019-06-24 15:19:11,955 [Worker-16: Building workspace] INFO  o.e.m.c.i.embedder.EclipseLogger - Using 'UTF-8' encoding to copy filtered resources.
2019-06-24 15:19:11,955 [Worker-16: Building workspace] INFO  o.e.m.c.i.embedder.EclipseLogger - skip non existing resourceDirectory /home/zupper/Área de Trabalho/workspace/javaweb2/java-web-um-aula2/src/test/resources
2019-06-24 15:22:44,683 [Worker-23: Building workspace] INFO  o.e.m.c.i.embedder.EclipseLogger - Using 'UTF-8' encoding to copy filtered resources.
2019-06-24 15:22:44,683 [Worker-23: Building workspace] INFO  o.e.m.c.i.embedder.EclipseLogger - Copying 1 resource
2019-06-24 15:22:44,684 [Worker-23: Building workspace] INFO  o.e.m.c.i.embedder.EclipseLogger - Copying 0 resource
2019-06-24 15:22:44,687 [Worker-23: Building workspace] INFO  o.e.m.c.i.embedder.EclipseLogger - Using 'UTF-8' encoding to copy filtered resources.
2019-06-24 15:22:44,687 [Worker-23: Building workspace] INFO  o.e.m.c.i.embedder.EclipseLogger - skip non existing resourceDirectory /home/zupper/Área de Trabalho/workspace/javaweb2/java-web-um-aula2/src/test/resources
2019-06-24 15:23:03,123 [Worker-22: Launching java-web-um-aula2 - JavaWebUmAula2Application] INFO  o.e.m.c.i.embedder.EclipseLogger - Using 'UTF-8' encoding to copy filtered resources.
2019-06-24 15:23:03,124 [Worker-22: Launching java-web-um-aula2 - JavaWebUmAula2Application] INFO  o.e.m.c.i.embedder.EclipseLogger - Copying 1 resource
2019-06-24 15:23:03,125 [Worker-22: Launching java-web-um-aula2 - JavaWebUmAula2Application] INFO  o.e.m.c.i.embedder.EclipseLogger - Copying 0 resource
2019-06-24 15:23:03,127 [Worker-22: Launching java-web-um-aula2 - JavaWebUmAula2Application] INFO  o.e.m.c.i.embedder.EclipseLogger - Using 'UTF-8' encoding to copy filtered resources.
2019-06-24 15:23:03,127 [Worker-22: Launching java-web-um-aula2 - JavaWebUmAula2Application] INFO  o.e.m.c.i.embedder.EclipseLogger - skip non existing resourceDirectory /home/zupper/Área de Trabalho/workspace/javaweb2/java-web-um-aula2/src/test/resources
2019-06-24 15:31:32,902 [Worker-22: Launching java-web-um-aula2 - JavaWebUmAula2Application] INFO  o.e.m.c.i.embedder.EclipseLogger - Using 'UTF-8' encoding to copy filtered resources.
2019-06-24 15:31:32,903 [Worker-22: Launching java-web-um-aula2 - JavaWebUmAula2Application] INFO  o.e.m.c.i.embedder.EclipseLogger - Copying 1 resource
2019-06-24 15:31:32,904 [Worker-22: Launching java-web-um-aula2 - JavaWebUmAula2Application] INFO  o.e.m.c.i.embedder.EclipseLogger - Copying 0 resource
2019-06-24 15:31:32,911 [Worker-22: Launching java-web-um-aula2 - JavaWebUmAula2Application] INFO  o.e.m.c.i.embedder.EclipseLogger - Using 'UTF-8' encoding to copy filtered resources.
2019-06-24 15:31:32,911 [Worker-22: Launching java-web-um-aula2 - JavaWebUmAula2Application] INFO  o.e.m.c.i.embedder.EclipseLogger - skip non existing resourceDirectory /home/zupper/Área de Trabalho/workspace/javaweb2/java-web-um-aula2/src/test/resources
2019-06-24 15:39:38,343 [Worker-19: Building workspace] INFO  o.e.m.c.i.embedder.EclipseLogger - Using 'UTF-8' encoding to copy filtered resources.
2019-06-24 15:39:38,344 [Worker-19: Building workspace] INFO  o.e.m.c.i.embedder.EclipseLogger - Copying 1 resource
2019-06-24 15:39:38,344 [Worker-19: Building workspace] INFO  o.e.m.c.i.embedder.EclipseLogger - Copying 0 resource
2019-06-24 15:39:38,347 [Worker-19: Building workspace] INFO  o.e.m.c.i.embedder.EclipseLogger - Using 'UTF-8' encoding to copy filtered resources.
2019-06-24 15:39:38,347 [Worker-19: Building workspace] INFO  o.e.m.c.i.embedder.EclipseLogger - skip non existing resourceDirectory /home/zupper/Área de Trabalho/workspace/javaweb2/java-web-um-aula2/src/test/resources
2019-06-24 15:44:48,853 [Worker-24: Building workspace] INFO  o.e.m.c.i.embedder.EclipseLogger - Using 'UTF-8' encoding to copy filtered resources.
2019-06-24 15:44:48,854 [Worker-24: Building workspace] INFO  o.e.m.c.i.embedder.EclipseLogger - Copying 1 resource
2019-06-24 15:44:48,854 [Worker-24: Building workspace] INFO  o.e.m.c.i.embedder.EclipseLogger - Copying 0 resource
2019-06-24 15:44:48,858 [Worker-24: Building workspace] INFO  o.e.m.c.i.embedder.EclipseLogger - Using 'UTF-8' encoding to copy filtered resources.
2019-06-24 15:44:48,858 [Worker-24: Building workspace] INFO  o.e.m.c.i.embedder.EclipseLogger - skip non existing resourceDirectory /home/zupper/Área de Trabalho/workspace/javaweb2/java-web-um-aula2/src/test/resources
2019-06-24 15:52:55,741 [Worker-22: Building workspace] INFO  o.e.m.c.i.embedder.EclipseLogger - Using 'UTF-8' encoding to copy filtered resources.
2019-06-24 15:52:55,742 [Worker-22: Building workspace] INFO  o.e.m.c.i.embedder.EclipseLogger - Copying 1 resource
2019-06-24 15:52:55,745 [Worker-22: Building workspace] INFO  o.e.m.c.i.embedder.EclipseLogger - Copying 0 resource
2019-06-24 15:52:55,748 [Worker-22: Building workspace] INFO  o.e.m.c.i.embedder.EclipseLogger - Using 'UTF-8' encoding to copy filtered resources.
2019-06-24 15:52:55,748 [Worker-22: Building workspace] INFO  o.e.m.c.i.embedder.EclipseLogger - skip non existing resourceDirectory /home/zupper/Área de Trabalho/workspace/javaweb2/java-web-um-aula2/src/test/resources
2019-06-24 15:56:46,632 [Worker-22: Building workspace] INFO  o.e.m.c.i.embedder.EclipseLogger - Using 'UTF-8' encoding to copy filtered resources.
2019-06-24 15:56:46,633 [Worker-22: Building workspace] INFO  o.e.m.c.i.embedder.EclipseLogger - Copying 1 resource
2019-06-24 15:56:46,634 [Worker-22: Building workspace] INFO  o.e.m.c.i.embedder.EclipseLogger - Copying 0 resource
2019-06-24 15:56:46,635 [Worker-22: Building workspace] INFO  o.e.m.c.i.embedder.EclipseLogger - Using 'UTF-8' encoding to copy filtered resources.
2019-06-24 15:56:46,635 [Worker-22: Building workspace] INFO  o.e.m.c.i.embedder.EclipseLogger - skip non existing resourceDirectory /home/zupper/Área de Trabalho/workspace/javaweb2/java-web-um-aula2/src/test/resources
2019-06-24 16:07:10,867 [Worker-30: Building workspace] INFO  o.e.m.c.i.embedder.EclipseLogger - Using 'UTF-8' encoding to copy filtered resources.
2019-06-24 16:07:10,867 [Worker-30: Building workspace] INFO  o.e.m.c.i.embedder.EclipseLogger - Copying 1 resource
2019-06-24 16:07:10,868 [Worker-30: Building workspace] INFO  o.e.m.c.i.embedder.EclipseLogger - Copying 0 resource
2019-06-24 16:07:10,870 [Worker-30: Building workspace] INFO  o.e.m.c.i.embedder.EclipseLogger - Using 'UTF-8' encoding to copy filtered resources.
2019-06-24 16:07:10,870 [Worker-30: Building workspace] INFO  o.e.m.c.i.embedder.EclipseLogger - skip non existing resourceDirectory /home/zupper/Área de Trabalho/workspace/javaweb2/java-web-um-aula2/src/test/resources
2019-06-24 16:09:30,526 [Worker-30: Building workspace] INFO  o.e.m.c.i.embedder.EclipseLogger - Using 'UTF-8' encoding to copy filtered resources.
2019-06-24 16:09:30,526 [Worker-30: Building workspace] INFO  o.e.m.c.i.embedder.EclipseLogger - Copying 1 resource
2019-06-24 16:09:30,527 [Worker-30: Building workspace] INFO  o.e.m.c.i.embedder.EclipseLogger - Copying 0 resource
2019-06-24 16:09:30,528 [Worker-30: Building workspace] INFO  o.e.m.c.i.embedder.EclipseLogger - Using 'UTF-8' encoding to copy filtered resources.
2019-06-24 16:09:30,529 [Worker-30: Building workspace] INFO  o.e.m.c.i.embedder.EclipseLogger - skip non existing resourceDirectory /home/zupper/Área de Trabalho/workspace/javaweb2/java-web-um-aula2/src/test/resources
2019-06-24 16:13:49,927 [Worker-22: Launching java-web-um-aula2 - JavaWebUmAula2Application] INFO  o.e.m.c.i.embedder.EclipseLogger - Using 'UTF-8' encoding to copy filtered resources.
2019-06-24 16:13:49,928 [Worker-22: Launching java-web-um-aula2 - JavaWebUmAula2Application] INFO  o.e.m.c.i.embedder.EclipseLogger - Copying 1 resource
2019-06-24 16:13:49,929 [Worker-22: Launching java-web-um-aula2 - JavaWebUmAula2Application] INFO  o.e.m.c.i.embedder.EclipseLogger - Copying 0 resource
2019-06-24 16:13:49,931 [Worker-22: Launching java-web-um-aula2 - JavaWebUmAula2Application] INFO  o.e.m.c.i.embedder.EclipseLogger - Using 'UTF-8' encoding to copy filtered resources.
2019-06-24 16:13:49,932 [Worker-22: Launching java-web-um-aula2 - JavaWebUmAula2Application] INFO  o.e.m.c.i.embedder.EclipseLogger - skip non existing resourceDirectory /home/zupper/Área de Trabalho/workspace/javaweb2/java-web-um-aula2/src/test/resources
2019-06-24 16:14:49,979 [Worker-29: Launching java-web-um-aula2 - JavaWebUmAula2Application] INFO  o.e.m.c.i.embedder.EclipseLogger - Using 'UTF-8' encoding to copy filtered resources.
2019-06-24 16:14:49,979 [Worker-29: Launching java-web-um-aula2 - JavaWebUmAula2Application] INFO  o.e.m.c.i.embedder.EclipseLogger - Copying 1 resource
2019-06-24 16:14:49,980 [Worker-29: Launching java-web-um-aula2 - JavaWebUmAula2Application] INFO  o.e.m.c.i.embedder.EclipseLogger - Copying 0 resource
2019-06-24 16:14:49,983 [Worker-29: Launching java-web-um-aula2 - JavaWebUmAula2Application] INFO  o.e.m.c.i.embedder.EclipseLogger - Using 'UTF-8' encoding to copy filtered resources.
2019-06-24 16:14:49,983 [Worker-29: Launching java-web-um-aula2 - JavaWebUmAula2Application] INFO  o.e.m.c.i.embedder.EclipseLogger - skip non existing resourceDirectory /home/zupper/Área de Trabalho/workspace/javaweb2/java-web-um-aula2/src/test/resources
2019-06-24 16:17:32,277 [Worker-24: Building workspace] INFO  o.e.m.c.i.embedder.EclipseLogger - Using 'UTF-8' encoding to copy filtered resources.
2019-06-24 16:17:32,278 [Worker-24: Building workspace] INFO  o.e.m.c.i.embedder.EclipseLogger - Copying 1 resource
2019-06-24 16:17:32,279 [Worker-24: Building workspace] INFO  o.e.m.c.i.embedder.EclipseLogger - Copying 0 resource
2019-06-24 16:17:32,280 [Worker-24: Building workspace] INFO  o.e.m.c.i.embedder.EclipseLogger - Using 'UTF-8' encoding to copy filtered resources.
2019-06-24 16:17:32,281 [Worker-24: Building workspace] INFO  o.e.m.c.i.embedder.EclipseLogger - skip non existing resourceDirectory /home/zupper/Área de Trabalho/workspace/javaweb2/java-web-um-aula2/src/test/resources
2019-06-24 16:27:26,408 [Worker-34: Building workspace] INFO  o.e.m.c.i.embedder.EclipseLogger - Using 'UTF-8' encoding to copy filtered resources.
2019-06-24 16:27:26,409 [Worker-34: Building workspace] INFO  o.e.m.c.i.embedder.EclipseLogger - Copying 1 resource
2019-06-24 16:27:26,410 [Worker-34: Building workspace] INFO  o.e.m.c.i.embedder.EclipseLogger - Copying 0 resource
2019-06-24 16:27:26,411 [Worker-34: Building workspace] INFO  o.e.m.c.i.embedder.EclipseLogger - Using 'UTF-8' encoding to copy filtered resources.
2019-06-24 16:27:26,412 [Worker-34: Building workspace] INFO  o.e.m.c.i.embedder.EclipseLogger - skip non existing resourceDirectory /home/zupper/Área de Trabalho/workspace/javaweb2/java-web-um-aula2/src/test/resources
2019-06-24 16:28:04,911 [Worker-26: Building workspace] INFO  o.e.m.c.i.embedder.EclipseLogger - Using 'UTF-8' encoding to copy filtered resources.
2019-06-24 16:28:04,912 [Worker-26: Building workspace] INFO  o.e.m.c.i.embedder.EclipseLogger - Copying 1 resource
2019-06-24 16:28:04,913 [Worker-26: Building workspace] INFO  o.e.m.c.i.embedder.EclipseLogger - Copying 0 resource
2019-06-24 16:28:04,915 [Worker-26: Building workspace] INFO  o.e.m.c.i.embedder.EclipseLogger - Using 'UTF-8' encoding to copy filtered resources.
2019-06-24 16:28:04,915 [Worker-26: Building workspace] INFO  o.e.m.c.i.embedder.EclipseLogger - skip non existing resourceDirectory /home/zupper/Área de Trabalho/workspace/javaweb2/java-web-um-aula2/src/test/resources
2019-06-24 16:28:11,977 [Worker-26: Building workspace] INFO  o.e.m.c.i.embedder.EclipseLogger - Using 'UTF-8' encoding to copy filtered resources.
2019-06-24 16:28:11,978 [Worker-26: Building workspace] INFO  o.e.m.c.i.embedder.EclipseLogger - Copying 1 resource
2019-06-24 16:28:11,979 [Worker-26: Building workspace] INFO  o.e.m.c.i.embedder.EclipseLogger - Copying 0 resource
2019-06-24 16:28:11,982 [Worker-26: Building workspace] INFO  o.e.m.c.i.embedder.EclipseLogger - Using 'UTF-8' encoding to copy filtered resources.
2019-06-24 16:28:11,982 [Worker-26: Building workspace] INFO  o.e.m.c.i.embedder.EclipseLogger - skip non existing resourceDirectory /home/zupper/Área de Trabalho/workspace/javaweb2/java-web-um-aula2/src/test/resources
2019-06-24 16:28:53,387 [Worker-32: Building workspace] INFO  o.e.m.c.i.embedder.EclipseLogger - Using 'UTF-8' encoding to copy filtered resources.
2019-06-24 16:28:53,387 [Worker-32: Building workspace] INFO  o.e.m.c.i.embedder.EclipseLogger - Copying 1 resource
2019-06-24 16:28:53,388 [Worker-32: Building workspace] INFO  o.e.m.c.i.embedder.EclipseLogger - Copying 0 resource
2019-06-24 16:28:53,390 [Worker-32: Building workspace] INFO  o.e.m.c.i.embedder.EclipseLogger - Using 'UTF-8' encoding to copy filtered resources.
2019-06-24 16:28:53,390 [Worker-32: Building workspace] INFO  o.e.m.c.i.embedder.EclipseLogger - skip non existing resourceDirectory /home/zupper/Área de Trabalho/workspace/javaweb2/java-web-um-aula2/src/test/resources
2019-06-24 16:45:01,366 [Worker-39: Building workspace] INFO  o.e.m.c.i.embedder.EclipseLogger - Using 'UTF-8' encoding to copy filtered resources.
2019-06-24 16:45:01,366 [Worker-39: Building workspace] INFO  o.e.m.c.i.embedder.EclipseLogger - Copying 1 resource
2019-06-24 16:45:01,367 [Worker-39: Building workspace] INFO  o.e.m.c.i.embedder.EclipseLogger - Copying 0 resource
2019-06-24 16:45:01,369 [Worker-39: Building workspace] INFO  o.e.m.c.i.embedder.EclipseLogger - Using 'UTF-8' encoding to copy filtered resources.
2019-06-24 16:45:01,370 [Worker-39: Building workspace] INFO  o.e.m.c.i.embedder.EclipseLogger - skip non existing resourceDirectory /home/zupper/Área de Trabalho/workspace/javaweb2/java-web-um-aula2/src/test/resources
2019-06-24 17:07:55,832 [Worker-42: Building workspace] INFO  o.e.m.c.i.embedder.EclipseLogger - Using 'UTF-8' encoding to copy filtered resources.
2019-06-24 17:07:55,833 [Worker-42: Building workspace] INFO  o.e.m.c.i.embedder.EclipseLogger - Copying 1 resource
2019-06-24 17:07:55,834 [Worker-42: Building workspace] INFO  o.e.m.c.i.embedder.EclipseLogger - Copying 0 resource
2019-06-24 17:07:55,836 [Worker-42: Building workspace] INFO  o.e.m.c.i.embedder.EclipseLogger - Using 'UTF-8' encoding to copy filtered resources.
2019-06-24 17:07:55,836 [Worker-42: Building workspace] INFO  o.e.m.c.i.embedder.EclipseLogger - skip non existing resourceDirectory /home/zupper/Área de Trabalho/workspace/javaweb2/java-web-um-aula2/src/test/resources
2019-06-24 17:07:58,315 [Worker-43: Building workspace] INFO  o.e.m.c.i.embedder.EclipseLogger - Using 'UTF-8' encoding to copy filtered resources.
2019-06-24 17:07:58,316 [Worker-43: Building workspace] INFO  o.e.m.c.i.embedder.EclipseLogger - Copying 1 resource
2019-06-24 17:07:58,316 [Worker-43: Building workspace] INFO  o.e.m.c.i.embedder.EclipseLogger - Copying 0 resource
2019-06-24 17:07:58,318 [Worker-43: Building workspace] INFO  o.e.m.c.i.embedder.EclipseLogger - Using 'UTF-8' encoding to copy filtered resources.
2019-06-24 17:07:58,318 [Worker-43: Building workspace] INFO  o.e.m.c.i.embedder.EclipseLogger - skip non existing resourceDirectory /home/zupper/Área de Trabalho/workspace/javaweb2/java-web-um-aula2/src/test/resources
2019-06-24 17:08:21,835 [Worker-42: Launching java-web-um-aula2 - JavaWebUmAula2Application] INFO  o.e.m.c.i.embedder.EclipseLogger - Using 'UTF-8' encoding to copy filtered resources.
2019-06-24 17:08:21,835 [Worker-42: Launching java-web-um-aula2 - JavaWebUmAula2Application] INFO  o.e.m.c.i.embedder.EclipseLogger - Copying 1 resource
2019-06-24 17:08:21,836 [Worker-42: Launching java-web-um-aula2 - JavaWebUmAula2Application] INFO  o.e.m.c.i.embedder.EclipseLogger - Copying 0 resource
2019-06-24 17:08:21,838 [Worker-42: Launching java-web-um-aula2 - JavaWebUmAula2Application] INFO  o.e.m.c.i.embedder.EclipseLogger - Using 'UTF-8' encoding to copy filtered resources.
2019-06-24 17:08:21,839 [Worker-42: Launching java-web-um-aula2 - JavaWebUmAula2Application] INFO  o.e.m.c.i.embedder.EclipseLogger - skip non existing resourceDirectory /home/zupper/Área de Trabalho/workspace/javaweb2/java-web-um-aula2/src/test/resources
2019-06-24 17:17:19,762 [Worker-42: Building workspace] INFO  o.e.m.c.i.embedder.EclipseLogger - Using 'UTF-8' encoding to copy filtered resources.
2019-06-24 17:17:19,762 [Worker-42: Building workspace] INFO  o.e.m.c.i.embedder.EclipseLogger - Copying 1 resource
2019-06-24 17:17:19,762 [Worker-42: Building workspace] INFO  o.e.m.c.i.embedder.EclipseLogger - Copying 0 resource
2019-06-24 17:17:19,764 [Worker-42: Building workspace] INFO  o.e.m.c.i.embedder.EclipseLogger - Using 'UTF-8' encoding to copy filtered resources.
2019-06-24 17:17:19,764 [Worker-42: Building workspace] INFO  o.e.m.c.i.embedder.EclipseLogger - skip non existing resourceDirectory /home/zupper/Área de Trabalho/workspace/javaweb2/java-web-um-aula2/src/test/resources
2019-06-24 17:17:45,613 [Worker-41: Building workspace] INFO  o.e.m.c.i.embedder.EclipseLogger - Using 'UTF-8' encoding to copy filtered resources.
2019-06-24 17:17:45,613 [Worker-41: Building workspace] INFO  o.e.m.c.i.embedder.EclipseLogger - Copying 1 resource
2019-06-24 17:17:45,614 [Worker-41: Building workspace] INFO  o.e.m.c.i.embedder.EclipseLogger - Copying 0 resource
2019-06-24 17:17:45,616 [Worker-41: Building workspace] INFO  o.e.m.c.i.embedder.EclipseLogger - Using 'UTF-8' encoding to copy filtered resources.
2019-06-24 17:17:45,616 [Worker-41: Building workspace] INFO  o.e.m.c.i.embedder.EclipseLogger - skip non existing resourceDirectory /home/zupper/Área de Trabalho/workspace/javaweb2/java-web-um-aula2/src/test/resources
2019-06-24 17:20:43,887 [Worker-48: Building workspace] INFO  o.e.m.c.i.embedder.EclipseLogger - Using 'UTF-8' encoding to copy filtered resources.
2019-06-24 17:20:43,888 [Worker-48: Building workspace] INFO  o.e.m.c.i.embedder.EclipseLogger - Copying 1 resource
2019-06-24 17:20:43,888 [Worker-48: Building workspace] INFO  o.e.m.c.i.embedder.EclipseLogger - Copying 0 resource
2019-06-24 17:20:43,890 [Worker-48: Building workspace] INFO  o.e.m.c.i.embedder.EclipseLogger - Using 'UTF-8' encoding to copy filtered resources.
2019-06-24 17:20:43,890 [Worker-48: Building workspace] INFO  o.e.m.c.i.embedder.EclipseLogger - skip non existing resourceDirectory /home/zupper/Área de Trabalho/workspace/javaweb2/java-web-um-aula2/src/test/resources
2019-06-24 17:23:54,169 [Worker-44: Building workspace] INFO  o.e.m.c.i.embedder.EclipseLogger - Using 'UTF-8' encoding to copy filtered resources.
2019-06-24 17:23:54,169 [Worker-44: Building workspace] INFO  o.e.m.c.i.embedder.EclipseLogger - Copying 1 resource
2019-06-24 17:23:54,170 [Worker-44: Building workspace] INFO  o.e.m.c.i.embedder.EclipseLogger - Copying 0 resource
2019-06-24 17:23:54,173 [Worker-44: Building workspace] INFO  o.e.m.c.i.embedder.EclipseLogger - Using 'UTF-8' encoding to copy filtered resources.
2019-06-24 17:23:54,173 [Worker-44: Building workspace] INFO  o.e.m.c.i.embedder.EclipseLogger - skip non existing resourceDirectory /home/zupper/Área de Trabalho/workspace/javaweb2/java-web-um-aula2/src/test/resources
2019-06-24 17:31:40,885 [Worker-49: Building workspace] INFO  o.e.m.c.i.embedder.EclipseLogger - Using 'UTF-8' encoding to copy filtered resources.
2019-06-24 17:31:40,885 [Worker-49: Building workspace] INFO  o.e.m.c.i.embedder.EclipseLogger - Copying 1 resource
2019-06-24 17:31:40,886 [Worker-49: Building workspace] INFO  o.e.m.c.i.embedder.EclipseLogger - Copying 0 resource
2019-06-24 17:31:40,887 [Worker-49: Building workspace] INFO  o.e.m.c.i.embedder.EclipseLogger - Using 'UTF-8' encoding to copy filtered resources.
2019-06-24 17:31:40,888 [Worker-49: Building workspace] INFO  o.e.m.c.i.embedder.EclipseLogger - skip non existing resourceDirectory /home/zupper/Área de Trabalho/workspace/javaweb2/java-web-um-aula2/src/test/resources
2019-07-05 13:46:49,747 [Worker-13: Loading available Gradle versions] INFO  o.e.b.c.i.u.g.PublishedGradleVersions - Gradle version information cache is up-to-date. Trying to read.
2019-07-05 13:46:53,384 [Worker-4: Launching java-web-um-aula2 - JavaWebUmAula2Application] INFO  o.e.m.c.i.embedder.EclipseLogger - Using 'UTF-8' encoding to copy filtered resources.
2019-07-05 13:46:53,392 [Worker-4: Launching java-web-um-aula2 - JavaWebUmAula2Application] INFO  o.e.m.c.i.embedder.EclipseLogger - Copying 1 resource
2019-07-05 13:46:53,422 [Worker-4: Launching java-web-um-aula2 - JavaWebUmAula2Application] INFO  o.e.m.c.i.embedder.EclipseLogger - Copying 0 resource
2019-07-05 13:46:53,427 [Worker-4: Launching java-web-um-aula2 - JavaWebUmAula2Application] INFO  o.e.m.c.i.embedder.EclipseLogger - Using 'UTF-8' encoding to copy filtered resources.
2019-07-05 13:46:53,427 [Worker-4: Launching java-web-um-aula2 - JavaWebUmAula2Application] INFO  o.e.m.c.i.embedder.EclipseLogger - skip non existing resourceDirectory /home/zupper/Área de Trabalho/workspace/javaweb2/java-web-um-aula2/src/test/resources
